2024-09-29 00:00:06,707 [ERROR] LogOutputStream:75 - [STDERR_REDIRECT] Sep 29, 2024 12:00:06 AM java.util.prefs.FileSystemPreferences checkLockFile0ErrorCode
2024-09-29 00:00:06,709 [ERROR] LogOutputStream:75 - [STDERR_REDIRECT] WARNING: Could not lock System prefs. Unix error code 28882.
2024-09-29 00:00:06,709 [ERROR] LogOutputStream:75 - [STDERR_REDIRECT] 
2024-09-29 00:00:06,710 [ERROR] LogOutputStream:75 - [STDERR_REDIRECT] Sep 29, 2024 12:00:06 AM java.util.prefs.FileSystemPreferences syncWorld
2024-09-29 00:00:06,710 [ERROR] LogOutputStream:75 - [STDERR_REDIRECT] WARNING: Couldn't flush system prefs: java.util.prefs.BackingStoreException: Couldn't get file lock.
2024-09-29 00:00:06,710 [ERROR] LogOutputStream:75 - [STDERR_REDIRECT] 
2024-09-29 00:00:36,707 [ERROR] LogOutputStream:75 - [STDERR_REDIRECT] Sep 29, 2024 12:00:36 AM java.util.prefs.FileSystemPreferences checkLockFile0ErrorCode
2024-09-29 00:00:36,707 [ERROR] LogOutputStream:75 - [STDERR_REDIRECT] WARNING: Could not lock System prefs. Unix error code 28882.
2024-09-29 00:00:36,707 [ERROR] LogOutputStream:75 - [STDERR_REDIRECT] 
2024-09-29 00:00:36,707 [ERROR] LogOutputStream:75 - [STDERR_REDIRECT] Sep 29, 2024 12:00:36 AM java.util.prefs.FileSystemPreferences syncWorld
2024-09-29 00:00:36,707 [ERROR] LogOutputStream:75 - [STDERR_REDIRECT] WARNING: Couldn't flush system prefs: java.util.prefs.BackingStoreException: Couldn't get file lock.
2024-09-29 00:00:36,707 [ERROR] LogOutputStream:75 - [STDERR_REDIRECT] 
2024-09-29 00:01:06,708 [ERROR] LogOutputStream:75 - [STDERR_REDIRECT] Sep 29, 2024 12:01:06 AM java.util.prefs.FileSystemPreferences checkLockFile0ErrorCode
2024-09-29 00:01:06,708 [ERROR] LogOutputStream:75 - [STDERR_REDIRECT] WARNING: Could not lock System prefs. Unix error code 28882.
2024-09-29 00:01:06,708 [ERROR] LogOutputStream:75 - [STDERR_REDIRECT] 
2024-09-29 00:01:06,709 [ERROR] LogOutputStream:75 - [STDERR_REDIRECT] Sep 29, 2024 12:01:06 AM java.util.prefs.FileSystemPreferences syncWorld
2024-09-29 00:01:06,709 [ERROR] LogOutputStream:75 - [STDERR_REDIRECT] WARNING: Couldn't flush system prefs: java.util.prefs.BackingStoreException: Couldn't get file lock.
2024-09-29 00:01:06,709 [ERROR] LogOutputStream:75 - [STDERR_REDIRECT] 
2024-09-29 00:01:36,710 [ERROR] LogOutputStream:75 - [STDERR_REDIRECT] Sep 29, 2024 12:01:36 AM java.util.prefs.FileSystemPreferences checkLockFile0ErrorCode
2024-09-29 00:01:36,710 [ERROR] LogOutputStream:75 - [STDERR_REDIRECT] WARNING: Could not lock System prefs. Unix error code 28882.
2024-09-29 00:01:36,711 [ERROR] LogOutputStream:75 - [STDERR_REDIRECT] 
2024-09-29 00:01:36,711 [ERROR] LogOutputStream:75 - [STDERR_REDIRECT] Sep 29, 2024 12:01:36 AM java.util.prefs.FileSystemPreferences syncWorld
2024-09-29 00:01:36,711 [ERROR] LogOutputStream:75 - [STDERR_REDIRECT] WARNING: Couldn't flush system prefs: java.util.prefs.BackingStoreException: Couldn't get file lock.
2024-09-29 00:01:36,711 [ERROR] LogOutputStream:75 - [STDERR_REDIRECT] 
2024-09-29 00:02:06,707 [ERROR] LogOutputStream:75 - [STDERR_REDIRECT] Sep 29, 2024 12:02:06 AM java.util.prefs.FileSystemPreferences checkLockFile0ErrorCode
2024-09-29 00:02:06,708 [ERROR] LogOutputStream:75 - [STDERR_REDIRECT] WARNING: Could not lock System prefs. Unix error code 28882.
2024-09-29 00:02:06,708 [ERROR] LogOutputStream:75 - [STDERR_REDIRECT] 
2024-09-29 00:02:06,708 [ERROR] LogOutputStream:75 - [STDERR_REDIRECT] Sep 29, 2024 12:02:06 AM java.util.prefs.FileSystemPreferences syncWorld
2024-09-29 00:02:06,709 [ERROR] LogOutputStream:75 - [STDERR_REDIRECT] WARNING: Couldn't flush system prefs: java.util.prefs.BackingStoreException: Couldn't get file lock.
2024-09-29 00:02:06,709 [ERROR] LogOutputStream:75 - [STDERR_REDIRECT] 
2024-09-29 00:02:36,708 [ERROR] LogOutputStream:75 - [STDERR_REDIRECT] Sep 29, 2024 12:02:36 AM java.util.prefs.FileSystemPreferences checkLockFile0ErrorCode
2024-09-29 00:02:36,708 [ERROR] LogOutputStream:75 - [STDERR_REDIRECT] WARNING: Could not lock System prefs. Unix error code 28882.
2024-09-29 00:02:36,708 [ERROR] LogOutputStream:75 - [STDERR_REDIRECT] 
2024-09-29 00:02:36,708 [ERROR] LogOutputStream:75 - [STDERR_REDIRECT] Sep 29, 2024 12:02:36 AM java.util.prefs.FileSystemPreferences syncWorld
2024-09-29 00:02:36,708 [ERROR] LogOutputStream:75 - [STDERR_REDIRECT] WARNING: Couldn't flush system prefs: java.util.prefs.BackingStoreException: Couldn't get file lock.
2024-09-29 00:02:36,708 [ERROR] LogOutputStream:75 - [STDERR_REDIRECT] 
2024-09-29 00:03:06,708 [ERROR] LogOutputStream:75 - [STDERR_REDIRECT] Sep 29, 2024 12:03:06 AM java.util.prefs.FileSystemPreferences checkLockFile0ErrorCode
2024-09-29 00:03:06,709 [ERROR] LogOutputStream:75 - [STDERR_REDIRECT] WARNING: Could not lock System prefs. Unix error code 28882.
2024-09-29 00:03:06,709 [ERROR] LogOutputStream:75 - [STDERR_REDIRECT] 
2024-09-29 00:03:06,709 [ERROR] LogOutputStream:75 - [STDERR_REDIRECT] Sep 29, 2024 12:03:06 AM java.util.prefs.FileSystemPreferences syncWorld
2024-09-29 00:03:06,709 [ERROR] LogOutputStream:75 - [STDERR_REDIRECT] WARNING: Couldn't flush system prefs: java.util.prefs.BackingStoreException: Couldn't get file lock.
2024-09-29 00:03:06,709 [ERROR] LogOutputStream:75 - [STDERR_REDIRECT] 
2024-09-29 00:03:09,794 [ERROR] ConfigurationRetriever:142 - IOException on connection: Remote host terminated the handshake
2024-09-29 00:03:29,513 [ERROR] ConfigurationRetriever:142 - IOException on connection: Remote host terminated the handshake
2024-09-29 00:03:30,749 [ERROR] ConfigurationRetriever:142 - IOException on connection: Remote host terminated the handshake
2024-09-29 00:03:36,710 [ERROR] LogOutputStream:75 - [STDERR_REDIRECT] Sep 29, 2024 12:03:36 AM java.util.prefs.FileSystemPreferences checkLockFile0ErrorCode
2024-09-29 00:03:36,711 [ERROR] LogOutputStream:75 - [STDERR_REDIRECT] WARNING: Could not lock System prefs. Unix error code 28882.
2024-09-29 00:03:36,711 [ERROR] LogOutputStream:75 - [STDERR_REDIRECT] 
2024-09-29 00:03:36,711 [ERROR] LogOutputStream:75 - [STDERR_REDIRECT] Sep 29, 2024 12:03:36 AM java.util.prefs.FileSystemPreferences syncWorld
2024-09-29 00:03:36,712 [ERROR] LogOutputStream:75 - [STDERR_REDIRECT] WARNING: Couldn't flush system prefs: java.util.prefs.BackingStoreException: Couldn't get file lock.
2024-09-29 00:03:36,712 [ERROR] LogOutputStream:75 - [STDERR_REDIRECT] 
2024-09-29 00:04:06,708 [ERROR] LogOutputStream:75 - [STDERR_REDIRECT] Sep 29, 2024 12:04:06 AM java.util.prefs.FileSystemPreferences checkLockFile0ErrorCode
2024-09-29 00:04:06,709 [ERROR] LogOutputStream:75 - [STDERR_REDIRECT] WARNING: Could not lock System prefs. Unix error code 28882.
2024-09-29 00:04:06,709 [ERROR] LogOutputStream:75 - [STDERR_REDIRECT] 
2024-09-29 00:04:06,710 [ERROR] LogOutputStream:75 - [STDERR_REDIRECT] Sep 29, 2024 12:04:06 AM java.util.prefs.FileSystemPreferences syncWorld
2024-09-29 00:04:06,710 [ERROR] LogOutputStream:75 - [STDERR_REDIRECT] WARNING: Couldn't flush system prefs: java.util.prefs.BackingStoreException: Couldn't get file lock.
2024-09-29 00:04:06,710 [ERROR] LogOutputStream:75 - [STDERR_REDIRECT] 
